{
"/Users/benedictchen/code/PerfTimer/lib/PerfTimer.js":{"path":"/Users/benedictchen/code/PerfTimer/lib/PerfTimer.js","s":{"1":1,"2":1,"3":1,"4":2,"5":7,"6":7,"7":7,"8":7,"9":7,"10":7,"11":1,"12":2,"13":1,"14":2,"15":1,"16":2,"17":1,"18":1,"19":1,"20":1,"21":0,"22":1,"23":1,"24":1,"25":1,"26":1,"27":1,"28":1,"29":1,"30":0,"31":1,"32":1,"33":1,"34":1,"35":1,"36":1,"37":0,"38":1,"39":1,"40":1,"41":0,"42":1,"43":0,"44":0,"45":0,"46":0,"47":0,"48":1,"49":1,"50":1,"51":0,"52":1,"53":1,"54":1,"55":0,"56":0,"57":0,"58":1,"59":0,"60":1,"61":0,"62":1,"63":1,"64":0,"65":1,"66":1,"67":0,"68":1,"69":1,"70":0,"71":0,"72":0,"73":0,"74":0,"75":0,"76":0,"77":0,"78":0,"79":0,"80":0,"81":0,"82":0,"83":0,"84":0,"85":0,"86":0,"87":0,"88":0,"89":1,"90":1,"91":1},"b":{"1":[7,7],"2":[7,0],"3":[1,1],"4":[1,1],"5":[0,1],"6":[1,1],"7":[0,1],"8":[0,1],"9":[1,1],"10":[0,1],"11":[0,1],"12":[0,0],"13":[1,0],"14":[0,0],"15":[0,1],"16":[0,1],"17":[0,1],"18":[0,1],"19":[0,0],"20":[0,0],"21":[0,0],"22":[0,0]},"f":{"1":1,"2":2,"3":2,"4":1,"5":1,"6":1,"7":1,"8":1,"9":1,"10":0,"11":1,"12":0,"13":1,"14":1,"15":1,"16":0,"17":0,"18":0,"19":0},"fnMap":{"1":{"name":"(anonymous_1)","line":7,"loc":{"start":{"line":7,"column":20},"end":{"line":7,"column":32}}},"2":{"name":"defineProperties","line":7,"loc":{"start":{"line":7,"column":34},"end":{"line":7,"column":75}}},"3":{"name":"(anonymous_3)","line":7,"loc":{"start":{"line":7,"column":358},"end":{"line":7,"column":406}}},"4":{"name":"_interopRequireDefault","line":9,"loc":{"start":{"line":9,"column":0},"end":{"line":9,"column":37}}},"5":{"name":"_classCallCheck","line":11,"loc":{"start":{"line":11,"column":0},"end":{"line":11,"column":48}}},"6":{"name":"(anonymous_6)","line":49,"loc":{"start":{"line":49,"column":19},"end":{"line":49,"column":31}}},"7":{"name":"PerfSession","line":56,"loc":{"start":{"line":56,"column":2},"end":{"line":56,"column":40}}},"8":{"name":"stop","line":76,"loc":{"start":{"line":76,"column":11},"end":{"line":76,"column":27}}},"9":{"name":"getDurationSeconds","line":89,"loc":{"start":{"line":89,"column":11},"end":{"line":89,"column":41}}},"10":{"name":"toString","line":100,"loc":{"start":{"line":100,"column":11},"end":{"line":100,"column":31}}},"11":{"name":"(anonymous_11)","line":113,"loc":{"start":{"line":113,"column":17},"end":{"line":113,"column":29}}},"12":{"name":"PerfTimer","line":114,"loc":{"start":{"line":114,"column":2},"end":{"line":114,"column":23}}},"13":{"name":"debugMode","line":126,"loc":{"start":{"line":126,"column":11},"end":{"line":126,"column":38}}},"14":{"name":"start","line":142,"loc":{"start":{"line":142,"column":11},"end":{"line":142,"column":32}}},"15":{"name":"stop","line":159,"loc":{"start":{"line":159,"column":11},"end":{"line":159,"column":31}}},"16":{"name":"printReport","line":178,"loc":{"start":{"line":178,"column":11},"end":{"line":178,"column":47}}},"17":{"name":"(anonymous_17)","line":187,"loc":{"start":{"line":187,"column":54},"end":{"line":187,"column":70}}},"18":{"name":"(anonymous_18)","line":193,"loc":{"start":{"line":193,"column":13},"end":{"line":193,"column":32}}},"19":{"name":"(anonymous_19)","line":198,"loc":{"start":{"line":198,"column":59},"end":{"line":198,"column":74}}}},"statementMap":{"1":{"start":{"line":3,"column":0},"end":{"line":5,"column":3}},"2":{"start":{"line":7,"column":0},"end":{"line":7,"column":566}},"3":{"start":{"line":7,"column":34},"end":{"line":7,"column":350}},"4":{"start":{"line":7,"column":77},"end":{"line":7,"column":348}},"5":{"start":{"line":7,"column":118},"end":{"line":7,"column":144}},"6":{"start":{"line":7,"column":145},"end":{"line":7,"column":200}},"7":{"start":{"line":7,"column":201},"end":{"line":7,"column":232}},"8":{"start":{"line":7,"column":233},"end":{"line":7,"column":287}},"9":{"start":{"line":7,"column":260},"end":{"line":7,"column":287}},"10":{"start":{"line":7,"column":288},"end":{"line":7,"column":346}},"11":{"start":{"line":7,"column":351},"end":{"line":7,"column":560}},"12":{"start":{"line":7,"column":408},"end":{"line":7,"column":476}},"13":{"start":{"line":7,"column":424},"end":{"line":7,"column":476}},"14":{"start":{"line":7,"column":477},"end":{"line":7,"column":537}},"15":{"start":{"line":7,"column":494},"end":{"line":7,"column":537}},"16":{"start":{"line":7,"column":538},"end":{"line":7,"column":557}},"17":{"start":{"line":9,"column":0},"end":{"line":9,"column":97}},"18":{"start":{"line":9,"column":39},"end":{"line":9,"column":95}},"19":{"start":{"line":11,"column":0},"end":{"line":11,"column":153}},"20":{"start":{"line":11,"column":50},"end":{"line":11,"column":151}},"21":{"start":{"line":11,"column":92},"end":{"line":11,"column":149}},"22":{"start":{"line":40,"column":0},"end":{"line":40,"column":24}},"23":{"start":{"line":42,"column":0},"end":{"line":42,"column":39}},"24":{"start":{"line":47,"column":0},"end":{"line":47,"column":23}},"25":{"start":{"line":47,"column":23},"end":{"line":47,"column":42}},"26":{"start":{"line":49,"column":0},"end":{"line":111,"column":5}},"27":{"start":{"line":56,"column":2},"end":{"line":68,"column":3}},"28":{"start":{"line":57,"column":4},"end":{"line":57,"column":39}},"29":{"start":{"line":59,"column":4},"end":{"line":61,"column":5}},"30":{"start":{"line":60,"column":6},"end":{"line":60,"column":41}},"31":{"start":{"line":62,"column":4},"end":{"line":62,"column":21}},"32":{"start":{"line":64,"column":4},"end":{"line":64,"column":27}},"33":{"start":{"line":66,"column":4},"end":{"line":66,"column":51}},"34":{"start":{"line":67,"column":4},"end":{"line":67,"column":25}},"35":{"start":{"line":74,"column":2},"end":{"line":108,"column":6}},"36":{"start":{"line":77,"column":6},"end":{"line":79,"column":7}},"37":{"start":{"line":78,"column":8},"end":{"line":78,"column":42}},"38":{"start":{"line":80,"column":6},"end":{"line":80,"column":53}},"39":{"start":{"line":90,"column":6},"end":{"line":90,"column":31}},"40":{"start":{"line":91,"column":6},"end":{"line":93,"column":7}},"41":{"start":{"line":92,"column":8},"end":{"line":92,"column":20}},"42":{"start":{"line":94,"column":6},"end":{"line":94,"column":49}},"43":{"start":{"line":101,"column":6},"end":{"line":101,"column":31}},"44":{"start":{"line":102,"column":6},"end":{"line":102,"column":78}},"45":{"start":{"line":103,"column":6},"end":{"line":105,"column":7}},"46":{"start":{"line":104,"column":8},"end":{"line":104,"column":59}},"47":{"start":{"line":106,"column":6},"end":{"line":106,"column":75}},"48":{"start":{"line":110,"column":2},"end":{"line":110,"column":21}},"49":{"start":{"line":113,"column":0},"end":{"line":210,"column":5}},"50":{"start":{"line":114,"column":2},"end":{"line":116,"column":3}},"51":{"start":{"line":115,"column":4},"end":{"line":115,"column":37}},"52":{"start":{"line":118,"column":2},"end":{"line":207,"column":6}},"53":{"start":{"line":127,"column":6},"end":{"line":133,"column":7}},"54":{"start":{"line":128,"column":8},"end":{"line":128,"column":26}},"55":{"start":{"line":129,"column":13},"end":{"line":133,"column":7}},"56":{"start":{"line":130,"column":8},"end":{"line":130,"column":27}},"57":{"start":{"line":132,"column":8},"end":{"line":132,"column":73}},"58":{"start":{"line":143,"column":6},"end":{"line":145,"column":7}},"59":{"start":{"line":144,"column":8},"end":{"line":144,"column":15}},"60":{"start":{"line":146,"column":6},"end":{"line":148,"column":7}},"61":{"start":{"line":147,"column":8},"end":{"line":147,"column":69}},"62":{"start":{"line":149,"column":6},"end":{"line":149,"column":46}},"63":{"start":{"line":160,"column":6},"end":{"line":162,"column":7}},"64":{"start":{"line":161,"column":8},"end":{"line":161,"column":15}},"65":{"start":{"line":163,"column":6},"end":{"line":163,"column":36}},"66":{"start":{"line":164,"column":6},"end":{"line":166,"column":7}},"67":{"start":{"line":165,"column":8},"end":{"line":165,"column":54}},"68":{"start":{"line":167,"column":6},"end":{"line":167,"column":21}},"69":{"start":{"line":168,"column":6},"end":{"line":168,"column":21}},"70":{"start":{"line":179,"column":6},"end":{"line":181,"column":7}},"71":{"start":{"line":180,"column":8},"end":{"line":180,"column":15}},"72":{"start":{"line":182,"column":6},"end":{"line":182,"column":24}},"73":{"start":{"line":183,"column":6},"end":{"line":185,"column":7}},"74":{"start":{"line":184,"column":8},"end":{"line":184,"column":22}},"75":{"start":{"line":186,"column":6},"end":{"line":186,"column":21}},"76":{"start":{"line":187,"column":6},"end":{"line":195,"column":20}},"77":{"start":{"line":188,"column":8},"end":{"line":188,"column":68}},"78":{"start":{"line":189,"column":8},"end":{"line":191,"column":9}},"79":{"start":{"line":190,"column":10},"end":{"line":190,"column":33}},"80":{"start":{"line":192,"column":8},"end":{"line":192,"column":21}},"81":{"start":{"line":194,"column":8},"end":{"line":194,"column":34}},"82":{"start":{"line":196,"column":6},"end":{"line":196,"column":76}},"83":{"start":{"line":197,"column":6},"end":{"line":197,"column":77}},"84":{"start":{"line":198,"column":6},"end":{"line":205,"column":9}},"85":{"start":{"line":199,"column":8},"end":{"line":204,"column":9}},"86":{"start":{"line":200,"column":10},"end":{"line":200,"column":64}},"87":{"start":{"line":201,"column":10},"end":{"line":201,"column":29}},"88":{"start":{"line":203,"column":10},"end":{"line":203,"column":67}},"89":{"start":{"line":209,"column":2},"end":{"line":209,"column":19}},"90":{"start":{"line":212,"column":0},"end":{"line":212,"column":31}},"91":{"start":{"line":213,"column":0},"end":{"line":213,"column":36}}},"branchMap":{"1":{"line":7,"type":"binary-expr","locations":[{"start":{"line":7,"column":169},"end":{"line":7,"column":190}},{"start":{"line":7,"column":194},"end":{"line":7,"column":199}}]},"2":{"line":7,"type":"if","locations":[{"start":{"line":7,"column":233},"end":{"line":7,"column":233}},{"start":{"line":7,"column":233},"end":{"line":7,"column":233}}]},"3":{"line":7,"type":"if","locations":[{"start":{"line":7,"column":408},"end":{"line":7,"column":408}},{"start":{"line":7,"column":408},"end":{"line":7,"column":408}}]},"4":{"line":7,"type":"if","locations":[{"start":{"line":7,"column":477},"end":{"line":7,"column":477}},{"start":{"line":7,"column":477},"end":{"line":7,"column":477}}]},"5":{"line":9,"type":"cond-expr","locations":[{"start":{"line":9,"column":70},"end":{"line":9,"column":73}},{"start":{"line":9,"column":76},"end":{"line":9,"column":94}}]},"6":{"line":9,"type":"binary-expr","locations":[{"start":{"line":9,"column":46},"end":{"line":9,"column":49}},{"start":{"line":9,"column":53},"end":{"line":9,"column":67}}]},"7":{"line":11,"type":"if","locations":[{"start":{"line":11,"column":50},"end":{"line":11,"column":50}},{"start":{"line":11,"column":50},"end":{"line":11,"column":50}}]},"8":{"line":59,"type":"if","locations":[{"start":{"line":59,"column":4},"end":{"line":59,"column":4}},{"start":{"line":59,"column":4},"end":{"line":59,"column":4}}]},"9":{"line":66,"type":"binary-expr","locations":[{"start":{"line":66,"column":21},"end":{"line":66,"column":30}},{"start":{"line":66,"column":34},"end":{"line":66,"column":50}}]},"10":{"line":77,"type":"if","locations":[{"start":{"line":77,"column":6},"end":{"line":77,"column":6}},{"start":{"line":77,"column":6},"end":{"line":77,"column":6}}]},"11":{"line":91,"type":"if","locations":[{"start":{"line":91,"column":6},"end":{"line":91,"column":6}},{"start":{"line":91,"column":6},"end":{"line":91,"column":6}}]},"12":{"line":103,"type":"if","locations":[{"start":{"line":103,"column":6},"end":{"line":103,"column":6}},{"start":{"line":103,"column":6},"end":{"line":103,"column":6}}]},"13":{"line":127,"type":"if","locations":[{"start":{"line":127,"column":6},"end":{"line":127,"column":6}},{"start":{"line":127,"column":6},"end":{"line":127,"column":6}}]},"14":{"line":129,"type":"if","locations":[{"start":{"line":129,"column":13},"end":{"line":129,"column":13}},{"start":{"line":129,"column":13},"end":{"line":129,"column":13}}]},"15":{"line":143,"type":"if","locations":[{"start":{"line":143,"column":6},"end":{"line":143,"column":6}},{"start":{"line":143,"column":6},"end":{"line":143,"column":6}}]},"16":{"line":146,"type":"if","locations":[{"start":{"line":146,"column":6},"end":{"line":146,"column":6}},{"start":{"line":146,"column":6},"end":{"line":146,"column":6}}]},"17":{"line":160,"type":"if","locations":[{"start":{"line":160,"column":6},"end":{"line":160,"column":6}},{"start":{"line":160,"column":6},"end":{"line":160,"column":6}}]},"18":{"line":164,"type":"if","locations":[{"start":{"line":164,"column":6},"end":{"line":164,"column":6}},{"start":{"line":164,"column":6},"end":{"line":164,"column":6}}]},"19":{"line":179,"type":"if","locations":[{"start":{"line":179,"column":6},"end":{"line":179,"column":6}},{"start":{"line":179,"column":6},"end":{"line":179,"column":6}}]},"20":{"line":189,"type":"if","locations":[{"start":{"line":189,"column":8},"end":{"line":189,"column":8}},{"start":{"line":189,"column":8},"end":{"line":189,"column":8}}]},"21":{"line":197,"type":"binary-expr","locations":[{"start":{"line":197,"column":22},"end":{"line":197,"column":35}},{"start":{"line":197,"column":39},"end":{"line":197,"column":76}}]},"22":{"line":199,"type":"if","locations":[{"start":{"line":199,"column":8},"end":{"line":199,"column":8}},{"start":{"line":199,"column":8},"end":{"line":199,"column":8}}]}},"l":{"3":1,"7":7,"9":1,"11":1,"40":1,"42":1,"47":1,"49":1,"56":1,"57":1,"59":1,"60":0,"62":1,"64":1,"66":1,"67":1,"74":1,"77":1,"78":0,"80":1,"90":1,"91":1,"92":0,"94":1,"101":0,"102":0,"103":0,"104":0,"106":0,"110":1,"113":1,"114":1,"115":0,"118":1,"127":1,"128":1,"129":0,"130":0,"132":0,"143":1,"144":0,"146":1,"147":0,"149":1,"160":1,"161":0,"163":1,"164":1,"165":0,"167":1,"168":1,"179":0,"180":0,"182":0,"183":0,"184":0,"186":0,"187":0,"188":0,"189":0,"190":0,"192":0,"194":0,"196":0,"197":0,"198":0,"199":0,"200":0,"201":0,"203":0,"209":1,"212":1,"213":1}}}
