TN:
SF:/Users/benedictchen/code/PerfTimer/lib/PerfTimer.js
FN:7,(anonymous_1)
FN:7,defineProperties
FN:7,(anonymous_3)
FN:9,_interopRequireDefault
FN:11,_classCallCheck
FN:49,(anonymous_6)
FN:56,PerfSession
FN:76,stop
FN:89,getDurationSeconds
FN:100,toString
FN:113,(anonymous_11)
FN:114,PerfTimer
FN:126,debugMode
FN:142,start
FN:159,stop
FN:178,printReport
FN:187,(anonymous_17)
FN:193,(anonymous_18)
FN:198,(anonymous_19)
FNF:19
FNH:13
FNDA:1,(anonymous_1)
FNDA:2,defineProperties
FNDA:2,(anonymous_3)
FNDA:1,_interopRequireDefault
FNDA:1,_classCallCheck
FNDA:1,(anonymous_6)
FNDA:1,PerfSession
FNDA:1,stop
FNDA:1,getDurationSeconds
FNDA:0,toString
FNDA:1,(anonymous_11)
FNDA:0,PerfTimer
FNDA:1,debugMode
FNDA:1,start
FNDA:1,stop
FNDA:0,printReport
FNDA:0,(anonymous_17)
FNDA:0,(anonymous_18)
FNDA:0,(anonymous_19)
DA:3,1
DA:7,7
DA:9,1
DA:11,1
DA:40,1
DA:42,1
DA:47,1
DA:49,1
DA:56,1
DA:57,1
DA:59,1
DA:60,0
DA:62,1
DA:64,1
DA:66,1
DA:67,1
DA:74,1
DA:77,1
DA:78,0
DA:80,1
DA:90,1
DA:91,1
DA:92,0
DA:94,1
DA:101,0
DA:102,0
DA:103,0
DA:104,0
DA:106,0
DA:110,1
DA:113,1
DA:114,1
DA:115,0
DA:118,1
DA:127,1
DA:128,1
DA:129,0
DA:130,0
DA:132,0
DA:143,1
DA:144,0
DA:146,1
DA:147,0
DA:149,1
DA:160,1
DA:161,0
DA:163,1
DA:164,1
DA:165,0
DA:167,1
DA:168,1
DA:179,0
DA:180,0
DA:182,0
DA:183,0
DA:184,0
DA:186,0
DA:187,0
DA:188,0
DA:189,0
DA:190,0
DA:192,0
DA:194,0
DA:196,0
DA:197,0
DA:198,0
DA:199,0
DA:200,0
DA:201,0
DA:203,0
DA:209,1
DA:212,1
DA:213,1
LF:73
LH:38
BRDA:7,1,0,7
BRDA:7,1,1,7
BRDA:7,2,0,7
BRDA:7,2,1,0
BRDA:7,3,0,1
BRDA:7,3,1,1
BRDA:7,4,0,1
BRDA:7,4,1,1
BRDA:9,5,0,0
BRDA:9,5,1,1
BRDA:9,6,0,1
BRDA:9,6,1,1
BRDA:11,7,0,0
BRDA:11,7,1,1
BRDA:59,8,0,0
BRDA:59,8,1,1
BRDA:66,9,0,1
BRDA:66,9,1,1
BRDA:77,10,0,0
BRDA:77,10,1,1
BRDA:91,11,0,0
BRDA:91,11,1,1
BRDA:103,12,0,0
BRDA:103,12,1,0
BRDA:127,13,0,1
BRDA:127,13,1,0
BRDA:129,14,0,0
BRDA:129,14,1,0
BRDA:143,15,0,0
BRDA:143,15,1,1
BRDA:146,16,0,0
BRDA:146,16,1,1
BRDA:160,17,0,0
BRDA:160,17,1,1
BRDA:164,18,0,0
BRDA:164,18,1,1
BRDA:179,19,0,0
BRDA:179,19,1,0
BRDA:189,20,0,0
BRDA:189,20,1,0
BRDA:197,21,0,0
BRDA:197,21,1,0
BRDA:199,22,0,0
BRDA:199,22,1,0
BRF:44
BRH:21
end_of_record
